<?xml version="1.0" encoding="UTF-8"?>
<!-- Generated by org.testng.reporters.JUnitReportReporter -->
<testsuite hostname="DESKTOP-HUVU21D" failures="0" tests="1" name="com.framework.stepdefinitions.TestRunner" time="13.151" errors="0" timestamp="2025-04-13T00:42:17 IST" skipped="0">
  <testcase classname="com.framework.stepdefinitions.TestRunner" name="runScenario" time="13.151"/>
  <system-out/>
</testsuite> <!-- com.framework.stepdefinitions.TestRunner -->
