<?xml version="1.0" encoding="UTF-8"?>
<!-- Generated by org.testng.reporters.JUnitReportReporter -->
<testsuite hostname="DESKTOP-HUVU21D" failures="0" tests="2" name="com.framework.utils.ExceptionTest" time="0.053" errors="0" timestamp="2025-04-29T14:32:13 IST" skipped="0">
  <testcase classname="com.framework.utils.ExceptionTest" name="testDivideByZeroException" time="0.008"/>
  <system-out/>
  <testcase classname="com.framework.utils.ExceptionTest" name="testNullPointerMessage" time="0.045"/>
  <system-out/>
</testsuite> <!-- com.framework.utils.ExceptionTest -->
